{"C:\\Users\\flejd\\Documents\\실전프로젝트\\healthree-backend\\src\\models\\goal.js": {"path":"C:\\Users\\flejd\\Documents\\실전프로젝트\\healthree-backend\\src\\models\\goal.js","statementMap":{"0":{"start":{"line":5,"column":8},"end":{"line":66,"column":10}},"1":{"start":{"line":70,"column":8},"end":{"line":70,"column":84}},"2":{"start":{"line":71,"column":8},"end":{"line":71,"column":81}}},"fnMap":{"0":{"name":"(anonymous_0)","decl":{"start":{"line":4,"column":4},"end":{"line":4,"column":5}},"loc":{"start":{"line":4,"column":27},"end":{"line":67,"column":5}},"line":4},"1":{"name":"(anonymous_1)","decl":{"start":{"line":69,"column":4},"end":{"line":69,"column":5}},"loc":{"start":{"line":69,"column":25},"end":{"line":72,"column":5}},"line":69}},"branchMap":{},"s":{"0":0,"1":0,"2":0},"f":{"0":0,"1":0},"b":{},"_coverageSchema":"1a1c01bbd47fc00a2c39e90264f33305004495a9","hash":"28c2617d6c21cdf78bc7fedbd55744e5257ee6b8"}
,"C:\\Users\\flejd\\Documents\\실전프로젝트\\healthree-backend\\src\\repositories\\main.repository.js": {"path":"C:\\Users\\flejd\\Documents\\실전프로젝트\\healthree-backend\\src\\repositories\\main.repository.js","statementMap":{"0":{"start":{"line":3,"column":29},"end":{"line":17,"column":1}},"1":{"start":{"line":4,"column":4},"end":{"line":16,"column":5}},"2":{"start":{"line":5,"column":8},"end":{"line":12,"column":11}},"3":{"start":{"line":14,"column":8},"end":{"line":14,"column":25}},"4":{"start":{"line":15,"column":8},"end":{"line":15,"column":20}},"5":{"start":{"line":19,"column":29},"end":{"line":35,"column":1}},"6":{"start":{"line":20,"column":4},"end":{"line":34,"column":5}},"7":{"start":{"line":21,"column":30},"end":{"line":21,"column":92}},"8":{"start":{"line":23,"column":8},"end":{"line":25,"column":9}},"9":{"start":{"line":24,"column":12},"end":{"line":24,"column":78}},"10":{"start":{"line":26,"column":8},"end":{"line":28,"column":9}},"11":{"start":{"line":27,"column":12},"end":{"line":27,"column":78}},"12":{"start":{"line":29,"column":8},"end":{"line":31,"column":9}},"13":{"start":{"line":30,"column":12},"end":{"line":30,"column":78}},"14":{"start":{"line":33,"column":8},"end":{"line":33,"column":20}},"15":{"start":{"line":37,"column":30},"end":{"line":72,"column":1}},"16":{"start":{"line":38,"column":4},"end":{"line":71,"column":5}},"17":{"start":{"line":39,"column":8},"end":{"line":47,"column":9}},"18":{"start":{"line":40,"column":12},"end":{"line":45,"column":14}},"19":{"start":{"line":46,"column":12},"end":{"line":46,"column":19}},"20":{"start":{"line":49,"column":8},"end":{"line":57,"column":9}},"21":{"start":{"line":50,"column":12},"end":{"line":55,"column":14}},"22":{"start":{"line":56,"column":12},"end":{"line":56,"column":19}},"23":{"start":{"line":59,"column":8},"end":{"line":68,"column":9}},"24":{"start":{"line":60,"column":12},"end":{"line":67,"column":14}},"25":{"start":{"line":70,"column":8},"end":{"line":70,"column":20}},"26":{"start":{"line":74,"column":29},"end":{"line":85,"column":1}},"27":{"start":{"line":75,"column":4},"end":{"line":84,"column":5}},"28":{"start":{"line":76,"column":8},"end":{"line":81,"column":10}},"29":{"start":{"line":83,"column":8},"end":{"line":83,"column":20}}},"fnMap":{"0":{"name":"(anonymous_0)","decl":{"start":{"line":3,"column":29},"end":{"line":3,"column":30}},"loc":{"start":{"line":3,"column":77},"end":{"line":17,"column":1}},"line":3},"1":{"name":"(anonymous_1)","decl":{"start":{"line":19,"column":29},"end":{"line":19,"column":30}},"loc":{"start":{"line":19,"column":53},"end":{"line":35,"column":1}},"line":19},"2":{"name":"(anonymous_2)","decl":{"start":{"line":37,"column":30},"end":{"line":37,"column":31}},"loc":{"start":{"line":37,"column":74},"end":{"line":72,"column":1}},"line":37},"3":{"name":"(anonymous_3)","decl":{"start":{"line":74,"column":29},"end":{"line":74,"column":30}},"loc":{"start":{"line":74,"column":48},"end":{"line":85,"column":1}},"line":74}},"branchMap":{"0":{"loc":{"start":{"line":23,"column":8},"end":{"line":25,"column":9}},"type":"if","locations":[{"start":{"line":23,"column":8},"end":{"line":25,"column":9}},{"start":{},"end":{}}],"line":23},"1":{"loc":{"start":{"line":26,"column":8},"end":{"line":28,"column":9}},"type":"if","locations":[{"start":{"line":26,"column":8},"end":{"line":28,"column":9}},{"start":{},"end":{}}],"line":26},"2":{"loc":{"start":{"line":29,"column":8},"end":{"line":31,"column":9}},"type":"if","locations":[{"start":{"line":29,"column":8},"end":{"line":31,"column":9}},{"start":{},"end":{}}],"line":29},"3":{"loc":{"start":{"line":39,"column":8},"end":{"line":47,"column":9}},"type":"if","locations":[{"start":{"line":39,"column":8},"end":{"line":47,"column":9}},{"start":{},"end":{}}],"line":39},"4":{"loc":{"start":{"line":49,"column":8},"end":{"line":57,"column":9}},"type":"if","locations":[{"start":{"line":49,"column":8},"end":{"line":57,"column":9}},{"start":{},"end":{}}],"line":49},"5":{"loc":{"start":{"line":59,"column":8},"end":{"line":68,"column":9}},"type":"if","locations":[{"start":{"line":59,"column":8},"end":{"line":68,"column":9}},{"start":{},"end":{}}],"line":59}},"s":{"0":1,"1":2,"2":2,"3":1,"4":1,"5":1,"6":0,"7":0,"8":0,"9":0,"10":0,"11":0,"12":0,"13":0,"14":0,"15":1,"16":0,"17":0,"18":0,"19":0,"20":0,"21":0,"22":0,"23":0,"24":0,"25":0,"26":1,"27":0,"28":0,"29":0},"f":{"0":2,"1":0,"2":0,"3":0},"b":{"0":[0,0],"1":[0,0],"2":[0,0],"3":[0,0],"4":[0,0],"5":[0,0]},"_coverageSchema":"1a1c01bbd47fc00a2c39e90264f33305004495a9","hash":"91e3f7b98b5766490543b301be9ad0f7d4231c4b"}
}
