{"C:\\Users\\flejd\\Documents\\실전프로젝트\\healthree-backend\\src\\middlewares\\s3.middleware.js": {"path":"C:\\Users\\flejd\\Documents\\실전프로젝트\\healthree-backend\\src\\middlewares\\s3.middleware.js","statementMap":{"0":{"start":{"line":8,"column":0},"end":{"line":8,"column":16}},"1":{"start":{"line":11,"column":11},"end":{"line":17,"column":2}},"2":{"start":{"line":20,"column":25},"end":{"line":24,"column":2}},"3":{"start":{"line":26,"column":28},"end":{"line":32,"column":2}},"4":{"start":{"line":34,"column":28},"end":{"line":63,"column":1}},"5":{"start":{"line":36,"column":4},"end":{"line":62,"column":7}},"6":{"start":{"line":37,"column":8},"end":{"line":61,"column":9}},"7":{"start":{"line":38,"column":41},"end":{"line":38,"column":48}},"8":{"start":{"line":39,"column":38},"end":{"line":39,"column":69}},"9":{"start":{"line":40,"column":32},"end":{"line":40,"column":67}},"10":{"start":{"line":42,"column":31},"end":{"line":42,"column":46}},"11":{"start":{"line":44,"column":12},"end":{"line":47,"column":15}},"12":{"start":{"line":46,"column":16},"end":{"line":46,"column":62}},"13":{"start":{"line":50,"column":12},"end":{"line":58,"column":19}},"14":{"start":{"line":53,"column":20},"end":{"line":53,"column":30}},"15":{"start":{"line":54,"column":20},"end":{"line":54,"column":32}},"16":{"start":{"line":57,"column":20},"end":{"line":57,"column":30}},"17":{"start":{"line":60,"column":12},"end":{"line":60,"column":24}},"18":{"start":{"line":65,"column":32},"end":{"line":91,"column":1}},"19":{"start":{"line":66,"column":4},"end":{"line":90,"column":5}},"20":{"start":{"line":67,"column":24},"end":{"line":82,"column":9}},"21":{"start":{"line":83,"column":8},"end":{"line":87,"column":11}},"22":{"start":{"line":84,"column":12},"end":{"line":86,"column":13}},"23":{"start":{"line":85,"column":16},"end":{"line":85,"column":28}},"24":{"start":{"line":89,"column":8},"end":{"line":89,"column":20}},"25":{"start":{"line":93,"column":26},"end":{"line":101,"column":1}},"26":{"start":{"line":94,"column":4},"end":{"line":100,"column":5}},"27":{"start":{"line":95,"column":21},"end":{"line":95,"column":89}},"28":{"start":{"line":97,"column":8},"end":{"line":97,"column":20}},"29":{"start":{"line":99,"column":8},"end":{"line":99,"column":20}},"30":{"start":{"line":103,"column":25},"end":{"line":118,"column":1}},"31":{"start":{"line":104,"column":4},"end":{"line":117,"column":5}},"32":{"start":{"line":105,"column":23},"end":{"line":111,"column":9}},"33":{"start":{"line":112,"column":26},"end":{"line":112,"column":59}},"34":{"start":{"line":114,"column":8},"end":{"line":114,"column":25}},"35":{"start":{"line":116,"column":8},"end":{"line":116,"column":20}},"36":{"start":{"line":120,"column":27},"end":{"line":130,"column":1}},"37":{"start":{"line":121,"column":4},"end":{"line":129,"column":5}},"38":{"start":{"line":122,"column":8},"end":{"line":126,"column":11}},"39":{"start":{"line":123,"column":12},"end":{"line":125,"column":13}},"40":{"start":{"line":124,"column":16},"end":{"line":124,"column":28}},"41":{"start":{"line":128,"column":8},"end":{"line":128,"column":20}}},"fnMap":{"0":{"name":"(anonymous_0)","decl":{"start":{"line":34,"column":28},"end":{"line":34,"column":29}},"loc":{"start":{"line":34,"column":83},"end":{"line":63,"column":1}},"line":34},"1":{"name":"(anonymous_1)","decl":{"start":{"line":36,"column":23},"end":{"line":36,"column":24}},"loc":{"start":{"line":36,"column":44},"end":{"line":62,"column":5}},"line":36},"2":{"name":"(anonymous_2)","decl":{"start":{"line":44,"column":32},"end":{"line":44,"column":33}},"loc":{"start":{"line":44,"column":45},"end":{"line":47,"column":13}},"line":44},"3":{"name":"(anonymous_3)","decl":{"start":{"line":52,"column":29},"end":{"line":52,"column":30}},"loc":{"start":{"line":52,"column":40},"end":{"line":55,"column":17}},"line":52},"4":{"name":"(anonymous_4)","decl":{"start":{"line":56,"column":27},"end":{"line":56,"column":28}},"loc":{"start":{"line":56,"column":33},"end":{"line":58,"column":17}},"line":56},"5":{"name":"(anonymous_5)","decl":{"start":{"line":65,"column":32},"end":{"line":65,"column":33}},"loc":{"start":{"line":65,"column":71},"end":{"line":91,"column":1}},"line":65},"6":{"name":"(anonymous_6)","decl":{"start":{"line":83,"column":34},"end":{"line":83,"column":35}},"loc":{"start":{"line":83,"column":51},"end":{"line":87,"column":9}},"line":83},"7":{"name":"(anonymous_7)","decl":{"start":{"line":93,"column":26},"end":{"line":93,"column":27}},"loc":{"start":{"line":93,"column":46},"end":{"line":101,"column":1}},"line":93},"8":{"name":"(anonymous_8)","decl":{"start":{"line":103,"column":25},"end":{"line":103,"column":26}},"loc":{"start":{"line":103,"column":41},"end":{"line":118,"column":1}},"line":103},"9":{"name":"(anonymous_9)","decl":{"start":{"line":120,"column":27},"end":{"line":120,"column":28}},"loc":{"start":{"line":120,"column":48},"end":{"line":130,"column":1}},"line":120},"10":{"name":"(anonymous_10)","decl":{"start":{"line":122,"column":29},"end":{"line":122,"column":30}},"loc":{"start":{"line":122,"column":40},"end":{"line":126,"column":9}},"line":122}},"branchMap":{"0":{"loc":{"start":{"line":84,"column":12},"end":{"line":86,"column":13}},"type":"if","locations":[{"start":{"line":84,"column":12},"end":{"line":86,"column":13}},{"start":{},"end":{}}],"line":84},"1":{"loc":{"start":{"line":123,"column":12},"end":{"line":125,"column":13}},"type":"if","locations":[{"start":{"line":123,"column":12},"end":{"line":125,"column":13}},{"start":{},"end":{}}],"line":123}},"s":{"0":1,"1":1,"2":1,"3":1,"4":1,"5":0,"6":0,"7":0,"8":0,"9":0,"10":0,"11":0,"12":0,"13":0,"14":0,"15":0,"16":0,"17":0,"18":1,"19":0,"20":0,"21":0,"22":0,"23":0,"24":0,"25":1,"26":0,"27":0,"28":0,"29":0,"30":1,"31":0,"32":0,"33":0,"34":0,"35":0,"36":1,"37":0,"38":0,"39":0,"40":0,"41":0},"f":{"0":0,"1":0,"2":0,"3":0,"4":0,"5":0,"6":0,"7":0,"8":0,"9":0,"10":0},"b":{"0":[0,0],"1":[0,0]},"_coverageSchema":"1a1c01bbd47fc00a2c39e90264f33305004495a9","hash":"4da896ef98e3a757d7fd25a2cea02321bd26bed3"}
,"C:\\Users\\flejd\\Documents\\실전프로젝트\\healthree-backend\\src\\models\\goal.js": {"path":"C:\\Users\\flejd\\Documents\\실전프로젝트\\healthree-backend\\src\\models\\goal.js","statementMap":{"0":{"start":{"line":5,"column":8},"end":{"line":65,"column":10}},"1":{"start":{"line":69,"column":8},"end":{"line":69,"column":84}},"2":{"start":{"line":70,"column":8},"end":{"line":70,"column":81}}},"fnMap":{"0":{"name":"(anonymous_0)","decl":{"start":{"line":4,"column":4},"end":{"line":4,"column":5}},"loc":{"start":{"line":4,"column":27},"end":{"line":66,"column":5}},"line":4},"1":{"name":"(anonymous_1)","decl":{"start":{"line":68,"column":4},"end":{"line":68,"column":5}},"loc":{"start":{"line":68,"column":25},"end":{"line":71,"column":5}},"line":68}},"branchMap":{},"s":{"0":0,"1":0,"2":0},"f":{"0":0,"1":0},"b":{},"_coverageSchema":"1a1c01bbd47fc00a2c39e90264f33305004495a9","hash":"b0f7fdfa5ed95b45a88ea39f82b5dc0651fffa7b"}
,"C:\\Users\\flejd\\Documents\\실전프로젝트\\healthree-backend\\src\\models\\user.js": {"path":"C:\\Users\\flejd\\Documents\\실전프로젝트\\healthree-backend\\src\\models\\user.js","statementMap":{"0":{"start":{"line":5,"column":8},"end":{"line":37,"column":10}},"1":{"start":{"line":41,"column":8},"end":{"line":41,"column":82}},"2":{"start":{"line":42,"column":8},"end":{"line":42,"column":60}}},"fnMap":{"0":{"name":"(anonymous_0)","decl":{"start":{"line":4,"column":4},"end":{"line":4,"column":5}},"loc":{"start":{"line":4,"column":27},"end":{"line":38,"column":5}},"line":4},"1":{"name":"(anonymous_1)","decl":{"start":{"line":40,"column":4},"end":{"line":40,"column":5}},"loc":{"start":{"line":40,"column":25},"end":{"line":43,"column":5}},"line":40}},"branchMap":{},"s":{"0":0,"1":0,"2":0},"f":{"0":0,"1":0},"b":{},"_coverageSchema":"1a1c01bbd47fc00a2c39e90264f33305004495a9","hash":"a01d71c6299a8728898addf74c6b9ed81a3118f1"}
,"C:\\Users\\flejd\\Documents\\실전프로젝트\\healthree-backend\\src\\repositories\\main.repository.js": {"path":"C:\\Users\\flejd\\Documents\\실전프로젝트\\healthree-backend\\src\\repositories\\main.repository.js","statementMap":{"0":{"start":{"line":3,"column":29},"end":{"line":17,"column":1}},"1":{"start":{"line":4,"column":4},"end":{"line":16,"column":5}},"2":{"start":{"line":5,"column":8},"end":{"line":13,"column":11}},"3":{"start":{"line":15,"column":8},"end":{"line":15,"column":20}},"4":{"start":{"line":19,"column":29},"end":{"line":35,"column":1}},"5":{"start":{"line":20,"column":4},"end":{"line":34,"column":5}},"6":{"start":{"line":21,"column":30},"end":{"line":21,"column":92}},"7":{"start":{"line":23,"column":8},"end":{"line":25,"column":9}},"8":{"start":{"line":24,"column":12},"end":{"line":24,"column":78}},"9":{"start":{"line":26,"column":8},"end":{"line":28,"column":9}},"10":{"start":{"line":27,"column":12},"end":{"line":27,"column":78}},"11":{"start":{"line":29,"column":8},"end":{"line":31,"column":9}},"12":{"start":{"line":30,"column":12},"end":{"line":30,"column":78}},"13":{"start":{"line":33,"column":8},"end":{"line":33,"column":20}},"14":{"start":{"line":37,"column":30},"end":{"line":70,"column":1}},"15":{"start":{"line":38,"column":4},"end":{"line":69,"column":5}},"16":{"start":{"line":39,"column":8},"end":{"line":47,"column":9}},"17":{"start":{"line":40,"column":12},"end":{"line":45,"column":14}},"18":{"start":{"line":46,"column":12},"end":{"line":46,"column":24}},"19":{"start":{"line":48,"column":8},"end":{"line":56,"column":9}},"20":{"start":{"line":49,"column":12},"end":{"line":54,"column":14}},"21":{"start":{"line":55,"column":12},"end":{"line":55,"column":24}},"22":{"start":{"line":57,"column":8},"end":{"line":66,"column":9}},"23":{"start":{"line":58,"column":12},"end":{"line":65,"column":14}},"24":{"start":{"line":68,"column":8},"end":{"line":68,"column":20}},"25":{"start":{"line":72,"column":29},"end":{"line":83,"column":1}},"26":{"start":{"line":73,"column":4},"end":{"line":82,"column":5}},"27":{"start":{"line":74,"column":8},"end":{"line":79,"column":10}},"28":{"start":{"line":81,"column":8},"end":{"line":81,"column":20}}},"fnMap":{"0":{"name":"(anonymous_0)","decl":{"start":{"line":3,"column":29},"end":{"line":3,"column":30}},"loc":{"start":{"line":3,"column":77},"end":{"line":17,"column":1}},"line":3},"1":{"name":"(anonymous_1)","decl":{"start":{"line":19,"column":29},"end":{"line":19,"column":30}},"loc":{"start":{"line":19,"column":53},"end":{"line":35,"column":1}},"line":19},"2":{"name":"(anonymous_2)","decl":{"start":{"line":37,"column":30},"end":{"line":37,"column":31}},"loc":{"start":{"line":37,"column":74},"end":{"line":70,"column":1}},"line":37},"3":{"name":"(anonymous_3)","decl":{"start":{"line":72,"column":29},"end":{"line":72,"column":30}},"loc":{"start":{"line":72,"column":48},"end":{"line":83,"column":1}},"line":72}},"branchMap":{"0":{"loc":{"start":{"line":23,"column":8},"end":{"line":25,"column":9}},"type":"if","locations":[{"start":{"line":23,"column":8},"end":{"line":25,"column":9}},{"start":{},"end":{}}],"line":23},"1":{"loc":{"start":{"line":26,"column":8},"end":{"line":28,"column":9}},"type":"if","locations":[{"start":{"line":26,"column":8},"end":{"line":28,"column":9}},{"start":{},"end":{}}],"line":26},"2":{"loc":{"start":{"line":29,"column":8},"end":{"line":31,"column":9}},"type":"if","locations":[{"start":{"line":29,"column":8},"end":{"line":31,"column":9}},{"start":{},"end":{}}],"line":29},"3":{"loc":{"start":{"line":39,"column":8},"end":{"line":47,"column":9}},"type":"if","locations":[{"start":{"line":39,"column":8},"end":{"line":47,"column":9}},{"start":{},"end":{}}],"line":39},"4":{"loc":{"start":{"line":48,"column":8},"end":{"line":56,"column":9}},"type":"if","locations":[{"start":{"line":48,"column":8},"end":{"line":56,"column":9}},{"start":{},"end":{}}],"line":48},"5":{"loc":{"start":{"line":57,"column":8},"end":{"line":66,"column":9}},"type":"if","locations":[{"start":{"line":57,"column":8},"end":{"line":66,"column":9}},{"start":{},"end":{}}],"line":57}},"s":{"0":1,"1":0,"2":0,"3":0,"4":1,"5":0,"6":0,"7":0,"8":0,"9":0,"10":0,"11":0,"12":0,"13":0,"14":1,"15":0,"16":0,"17":0,"18":0,"19":0,"20":0,"21":0,"22":0,"23":0,"24":0,"25":1,"26":0,"27":0,"28":0},"f":{"0":0,"1":0,"2":0,"3":0},"b":{"0":[0,0],"1":[0,0],"2":[0,0],"3":[0,0],"4":[0,0],"5":[0,0]},"_coverageSchema":"1a1c01bbd47fc00a2c39e90264f33305004495a9","hash":"2e4886d1b42143729343e4b8e27b53a3c9c8b940"}
,"C:\\Users\\flejd\\Documents\\실전프로젝트\\healthree-backend\\src\\services\\main.service.js": {"path":"C:\\Users\\flejd\\Documents\\실전프로젝트\\healthree-backend\\src\\services\\main.service.js","statementMap":{"0":{"start":{"line":12,"column":29},"end":{"line":14,"column":1}},"1":{"start":{"line":13,"column":4},"end":{"line":13,"column":80}},"2":{"start":{"line":16,"column":29},"end":{"line":18,"column":1}},"3":{"start":{"line":17,"column":4},"end":{"line":17,"column":63}},"4":{"start":{"line":20,"column":30},"end":{"line":43,"column":1}},"5":{"start":{"line":21,"column":4},"end":{"line":42,"column":5}},"6":{"start":{"line":22,"column":27},"end":{"line":22,"column":89}},"7":{"start":{"line":23,"column":26},"end":{"line":23,"column":68}},"8":{"start":{"line":25,"column":8},"end":{"line":25,"column":92}},"9":{"start":{"line":27,"column":8},"end":{"line":31,"column":10}},"10":{"start":{"line":33,"column":30},"end":{"line":33,"column":66}},"11":{"start":{"line":35,"column":32},"end":{"line":35,"column":62}},"12":{"start":{"line":37,"column":8},"end":{"line":37,"column":69}},"13":{"start":{"line":39,"column":8},"end":{"line":39,"column":94}},"14":{"start":{"line":41,"column":8},"end":{"line":41,"column":68}},"15":{"start":{"line":45,"column":29},"end":{"line":51,"column":1}},"16":{"start":{"line":46,"column":4},"end":{"line":50,"column":5}},"17":{"start":{"line":47,"column":8},"end":{"line":47,"column":55}},"18":{"start":{"line":49,"column":8},"end":{"line":49,"column":20}}},"fnMap":{"0":{"name":"(anonymous_0)","decl":{"start":{"line":12,"column":29},"end":{"line":12,"column":30}},"loc":{"start":{"line":12,"column":77},"end":{"line":14,"column":1}},"line":12},"1":{"name":"(anonymous_1)","decl":{"start":{"line":16,"column":29},"end":{"line":16,"column":30}},"loc":{"start":{"line":16,"column":53},"end":{"line":18,"column":1}},"line":16},"2":{"name":"(anonymous_2)","decl":{"start":{"line":20,"column":30},"end":{"line":20,"column":31}},"loc":{"start":{"line":20,"column":61},"end":{"line":43,"column":1}},"line":20},"3":{"name":"(anonymous_3)","decl":{"start":{"line":45,"column":29},"end":{"line":45,"column":30}},"loc":{"start":{"line":45,"column":48},"end":{"line":51,"column":1}},"line":45}},"branchMap":{"0":{"loc":{"start":{"line":21,"column":4},"end":{"line":42,"column":5}},"type":"if","locations":[{"start":{"line":21,"column":4},"end":{"line":42,"column":5}},{"start":{"line":40,"column":11},"end":{"line":42,"column":5}}],"line":21}},"s":{"0":1,"1":1,"2":1,"3":1,"4":1,"5":2,"6":1,"7":1,"8":1,"9":1,"10":1,"11":1,"12":1,"13":1,"14":1,"15":1,"16":0,"17":0,"18":0},"f":{"0":1,"1":1,"2":2,"3":0},"b":{"0":[1,1]},"_coverageSchema":"1a1c01bbd47fc00a2c39e90264f33305004495a9","hash":"147bb9e88f6905f7fa09ffc3c5ced637de44b7ec"}
}
