TN:
SF:src\models\goal.js
FN:4,(anonymous_0)
FN:69,(anonymous_1)
FNF:2
FNH:0
FNDA:0,(anonymous_0)
FNDA:0,(anonymous_1)
DA:5,0
DA:70,0
DA:71,0
LF:3
LH:0
BRF:0
BRH:0
end_of_record
TN:
SF:src\repositories\main.repository.js
FN:3,(anonymous_0)
FN:19,(anonymous_1)
FN:37,(anonymous_2)
FN:74,(anonymous_3)
FNF:4
FNH:1
FNDA:2,(anonymous_0)
FNDA:0,(anonymous_1)
FNDA:0,(anonymous_2)
FNDA:0,(anonymous_3)
DA:3,1
DA:4,2
DA:5,2
DA:14,1
DA:15,1
DA:19,1
DA:20,0
DA:21,0
DA:23,0
DA:24,0
DA:26,0
DA:27,0
DA:29,0
DA:30,0
DA:33,0
DA:37,1
DA:38,0
DA:39,0
DA:40,0
DA:46,0
DA:49,0
DA:50,0
DA:56,0
DA:59,0
DA:60,0
DA:70,0
DA:74,1
DA:75,0
DA:76,0
DA:83,0
LF:30
LH:8
BRDA:23,0,0,0
BRDA:23,0,1,0
BRDA:26,1,0,0
BRDA:26,1,1,0
BRDA:29,2,0,0
BRDA:29,2,1,0
BRDA:39,3,0,0
BRDA:39,3,1,0
BRDA:49,4,0,0
BRDA:49,4,1,0
BRDA:59,5,0,0
BRDA:59,5,1,0
BRF:12
BRH:0
end_of_record
